<?xml version="1.0" encoding="UTF-8"?>
<!-- Generated by org.testng.reporters.JUnitReportReporter -->
<testsuite hostname="LAPTOP-MLKHQJEV" name="com.lemon.testcaes.RegisterCase" tests="6" failures="0" timestamp="25 Dec 2019 07:42:41 GMT" time="2.369" errors="0">
  <testcase name="Register" time="0.268" classname="com.lemon.testcaes.RegisterCase"/>
  <testcase name="Register" time="1.627" classname="com.lemon.testcaes.RegisterCase"/>
  <testcase name="Register" time="0.112" classname="com.lemon.testcaes.RegisterCase"/>
  <testcase name="Register" time="0.107" classname="com.lemon.testcaes.RegisterCase"/>
  <testcase name="Register" time="0.153" classname="com.lemon.testcaes.RegisterCase"/>
  <testcase name="Register" time="0.102" classname="com.lemon.testcaes.RegisterCase"/>
</testsuite> <!-- com.lemon.testcaes.RegisterCase -->
