<?xml version="1.0" encoding="UTF-8"?>
<!-- Generated by org.testng.reporters.JUnitReportReporter -->
<testsuite hostname="LAPTOP-MLKHQJEV" name="com.lemon.testcaes.ConfiguresCase" tests="6" failures="0" timestamp="25 Dec 2019 07:42:41 GMT" time="3.780" errors="0">
  <testcase name="configures" time="0.137" classname="com.lemon.testcaes.ConfiguresCase"/>
  <testcase name="configures" time="3.160" classname="com.lemon.testcaes.ConfiguresCase"/>
  <testcase name="configures" time="0.092" classname="com.lemon.testcaes.ConfiguresCase"/>
  <testcase name="configures" time="0.118" classname="com.lemon.testcaes.ConfiguresCase"/>
  <testcase name="configures" time="0.119" classname="com.lemon.testcaes.ConfiguresCase"/>
  <testcase name="configures" time="0.154" classname="com.lemon.testcaes.ConfiguresCase"/>
</testsuite> <!-- com.lemon.testcaes.ConfiguresCase -->
