<?xml version="1.0" encoding="UTF-8"?>
<!-- Generated by org.testng.reporters.JUnitReportReporter -->
<testsuite hostname="LAPTOP-MLKHQJEV" name="com.lemon.testcaes.ProjectsCase" tests="6" failures="0" timestamp="25 Dec 2019 07:42:41 GMT" time="0.770" errors="0">
  <testcase name="project" time="0.173" classname="com.lemon.testcaes.ProjectsCase"/>
  <testcase name="project" time="0.082" classname="com.lemon.testcaes.ProjectsCase"/>
  <testcase name="project" time="0.190" classname="com.lemon.testcaes.ProjectsCase"/>
  <testcase name="project" time="0.095" classname="com.lemon.testcaes.ProjectsCase"/>
  <testcase name="project" time="0.115" classname="com.lemon.testcaes.ProjectsCase"/>
  <testcase name="project" time="0.115" classname="com.lemon.testcaes.ProjectsCase"/>
</testsuite> <!-- com.lemon.testcaes.ProjectsCase -->
