<?xml version="1.0" encoding="UTF-8"?>
<!-- Generated by org.testng.reporters.JUnitReportReporter -->
<testsuite hostname="LAPTOP-MLKHQJEV" name="com.lemon.testcaes.LoginCase" tests="5" failures="0" timestamp="25 Dec 2019 07:42:42 GMT" time="0.945" errors="0">
  <testcase name="login" time="0.293" classname="com.lemon.testcaes.LoginCase"/>
  <testcase name="login" time="0.116" classname="com.lemon.testcaes.LoginCase"/>
  <testcase name="login" time="0.087" classname="com.lemon.testcaes.LoginCase"/>
  <testcase name="login" time="0.229" classname="com.lemon.testcaes.LoginCase"/>
  <testcase name="login" time="0.220" classname="com.lemon.testcaes.LoginCase"/>
</testsuite> <!-- com.lemon.testcaes.LoginCase -->
